<?xml version="1.0" encoding="UTF-8"?>
<testng-results ignored="0" total="1" passed="1" failed="0" skipped="0">
  <reporter-output>
  </reporter-output>
  <suite started-at="2024-07-25T23:34:42 IST" name="Default suite" finished-at="2024-07-25T23:34:47 IST" duration-ms="4626">
    <groups>
    </groups>
    <test started-at="2024-07-25T23:34:42 IST" name="Default test" finished-at="2024-07-25T23:34:47 IST" duration-ms="4626">
      <class name="OpenKart.MainTest$LoginTest">
        <test-method is-config="true" signature="setup()[pri:0, instance:OpenKart.MainTest$LoginTest@4c12331b]" started-at="2024-07-25T23:34:42 IST" name="setup" finished-at="2024-07-25T23:34:44 IST" duration-ms="1462" status="PASS">
          <reporter-output>
          </reporter-output>
        </test-method> <!-- setup -->
        <test-method signature="Login()[pri:0, instance:OpenKart.MainTest$LoginTest@4c12331b]" started-at="2024-07-25T23:34:44 IST" name="Login" finished-at="2024-07-25T23:34:47 IST" duration-ms="2957" status="PASS">
          <reporter-output>
          </reporter-output>
        </test-method> <!-- Login -->
        <test-method is-config="true" signature="TearDown()[pri:0, instance:OpenKart.MainTest$LoginTest@4c12331b]" started-at="2024-07-25T23:34:47 IST" name="TearDown" finished-at="2024-07-25T23:34:47 IST" duration-ms="176" status="PASS">
          <reporter-output>
          </reporter-output>
        </test-method> <!-- TearDown -->
      </class> <!-- OpenKart.MainTest$LoginTest -->
    </test> <!-- Default test -->
  </suite> <!-- Default suite -->
</testng-results>
